<?xml version="1.0" encoding="UTF-8"?>
<testng-results ignored="0" total="1" passed="1" failed="0" skipped="0">
  <reporter-output>
  </reporter-output>
  <suite started-at="2023-09-07T08:17:01Z" name="Default suite" finished-at="2023-09-07T08:17:40Z" duration-ms="39520">
    <groups>
    </groups>
    <test started-at="2023-09-07T08:17:01Z" name="Default test" finished-at="2023-09-07T08:17:40Z" duration-ms="39520">
      <class name="test.TestAutomation">
        <test-method signature="VerifyApplicationLaunchedSucessfully()[pri:0, instance:test.TestAutomation@4b23c30a]" started-at="2023-09-07T08:17:01Z" name="VerifyApplicationLaunchedSucessfully" finished-at="2023-09-07T08:17:40Z" duration-ms="39446" status="PASS">
          <reporter-output>
          </reporter-output>
        </test-method> <!-- VerifyApplicationLaunchedSucessfully -->
      </class> <!-- test.TestAutomation -->
    </test> <!-- Default test -->
  </suite> <!-- Default suite -->
</testng-results>
